[14:33:08] [main/INFO]: Loading Minecraft 1.21.11 with Fabric Loader 0.18.4
[14:33:09] [main/INFO]: Loading 43 mods:
	- fabric-api 0.141.2+1.21.11
	   |-- fabric-api-base 1.0.5+4ebb5c083e
	   |-- fabric-api-lookup-api-v1 1.6.113+1fb1cde93e
	   |-- fabric-biome-api-v1 17.1.1+4fc5413f3e
	   |-- fabric-block-api-v1 1.1.10+4ebb5c083e
	   |-- fabric-block-view-api-v2 1.0.39+4ebb5c083e
	   |-- fabric-command-api-v2 2.4.7+6b42a6003e
	   |-- fabric-content-registries-v0 10.2.14+4fc5413f3e
	   |-- fabric-convention-tags-v1 2.1.55+7f945d5b3e
	   |-- fabric-convention-tags-v2 2.17.3+8ef948ba3e
	   |-- fabric-crash-report-info-v1 0.3.23+4ebb5c083e
	   |-- fabric-data-attachment-api-v1 1.8.47+eed0806f3e
	   |-- fabric-data-generation-api-v1 23.4.0+69974c4e3e
	   |-- fabric-dimensions-v1 4.0.28+4fc5413f3e
	   |-- fabric-entity-events-v1 3.1.1+1d0ab4303e
	   |-- fabric-events-interaction-v0 4.1.0+3b89ecf63e
	   |-- fabric-game-rule-api-v1 2.0.3+4fc5413f3e
	   |-- fabric-item-api-v1 11.5.20+d0c46b9e3e
	   |-- fabric-item-group-api-v1 4.2.36+4fc5413f3e
	   |-- fabric-key-binding-api-v1 1.1.7+4fc5413f3e
	   |-- fabric-lifecycle-events-v1 2.6.15+4ebb5c083e
	   |-- fabric-loot-api-v2 3.0.73+3f89f5a53e
	   |-- fabric-loot-api-v3 2.0.20+78c8b4663e
	   |-- fabric-message-api-v1 6.1.12+4ebb5c083e
	   |-- fabric-model-loading-api-v1 6.0.14+4fc5413f3e
	   |-- fabric-networking-api-v1 5.1.5+ae1e07683e
	   |-- fabric-object-builder-api-v1 21.1.39+4fc5413f3e
	   |-- fabric-particles-v1 4.2.11+4fc5413f3e
	   |-- fabric-recipe-api-v1 8.2.3+4ebb5c083e
	   |-- fabric-registry-sync-v0 6.2.5+1718722b3e
	   |-- fabric-renderer-api-v1 8.0.2+f4ffd2e53e
	   |-- fabric-renderer-indigo 5.0.2+f4ffd2e53e
	   |-- fabric-rendering-fluids-v1 3.1.43+4ebb5c083e
	   |-- fabric-rendering-v1 16.2.9+7edacff13e
	   |-- fabric-resource-conditions-api-v1 5.0.35+4fc5413f3e
	   |-- fabric-resource-loader-v0 3.3.4+4fc5413f3e
	   |-- fabric-resource-loader-v1 1.0.10+78c8b4663e
	   |-- fabric-screen-api-v1 3.1.7+4ebb5c083e
	   |-- fabric-screen-handler-api-v1 1.3.161+4fc5413f3e
	   |-- fabric-serialization-api-v1 1.0.5+4ebb5c083e
	   |-- fabric-sound-api-v1 1.0.51+4fc5413f3e
	   |-- fabric-tag-api-v1 1.2.20+4fc5413f3e
	   |-- fabric-transfer-api-v1 6.0.24+4fc5413f3e
	   \-- fabric-transitive-access-wideners-v1 7.1.0+014c8cec3e
	- fabricloader 0.18.4
	   \-- mixinextras 0.5.0
	- java 21
	- microcosm-streamer 0.1.0
	   \-- org_java-websocket_java-websocket 1.5.4
	- minecraft 1.21.11
[14:33:09] [main/INFO]: SpongePowered MIXIN Subsystem Version=0.8.7 Source=file:/C:/Users/locke/Documents/Github/MicrocosmXR/MicrocosmXR/Assets/Minecraft/server/libraries/net/fabricmc/sponge-mixin/0.17.0+mixin.0.8.7/sponge-mixin-0.17.0+mixin.0.8.7.jar Service=Knot/Fabric Env=SERVER
[14:33:09] [main/INFO]: Compatibility level set to JAVA_21
[14:33:11] [main/INFO]: Initializing MixinExtras via com.llamalad7.mixinextras.service.MixinExtrasServiceImpl(version=0.5.0).
[14:33:30] [main/INFO]: Microcosm Streamer initializing (server-side)
[14:33:30] [main/ERROR]: Failed to load properties from file: server.properties
java.nio.file.NoSuchFileException: server.properties
	at java.base/sun.nio.fs.WindowsException.translateToIOException(WindowsException.java:85)
	at java.base/sun.nio.fs.WindowsException.rethrowAsIOException(WindowsException.java:103)
	at java.base/sun.nio.fs.WindowsException.rethrowAsIOException(WindowsException.java:108)
	at java.base/sun.nio.fs.WindowsFileSystemProvider.newByteChannel(WindowsFileSystemProvider.java:234)
	at java.base/java.nio.file.Files.newByteChannel(Files.java:380)
	at java.base/java.nio.file.Files.newByteChannel(Files.java:432)
	at java.base/java.nio.file.spi.FileSystemProvider.newInputStream(FileSystemProvider.java:420)
	at java.base/java.nio.file.Files.newInputStream(Files.java:160)
	at knot//net.minecraft.class_3808.method_16727(class_3808.java:62)
	at knot//net.minecraft.class_3806.method_16714(class_3806.java:154)
	at knot//net.minecraft.class_3807.<init>(class_3807.java:12)
	at knot//net.minecraft.server.Main.main(Main.java:115)
	at net.fabricmc.loader.impl.game.minecraft.MinecraftGameProvider.launch(MinecraftGameProvider.java:514)
	at net.fabricmc.loader.impl.launch.knot.Knot.launch(Knot.java:72)
	at net.fabricmc.loader.impl.launch.knot.KnotServer.main(KnotServer.java:23)
	at net.fabricmc.loader.impl.launch.server.FabricServerLauncher.main(FabricServerLauncher.java:69)
	at net.fabricmc.installer.ServerLauncher.main(ServerLauncher.java:69)
[14:33:30] [main/INFO]: Environment: Environment[sessionHost=https://sessionserver.mojang.com, servicesHost=https://api.minecraftservices.com, profilesHost=https://api.mojang.com, name=PROD]
[14:33:31] [Yggdrasil Key Fetcher/ERROR]: Got an error with a html body connecting to https://api.minecraftservices.com/publickeys: <!DOCTYPE html PUBLIC '-//W3C//DTD XHTML 1.0 Transitional//EN' 'http://www.w3.org/TR/xhtml1/DTD/xhtml1-transitional.dtd'>
<html xmlns='http://www.w3.org/1999/xhtml'>

<head>
    <meta content='text/html; charset=utf-8' http-equiv='content-type' />
    <style type='text/css'>
        body {
            font-family: Arial;
            margin-left: 40px;
        }

        img {
            border: 0 none;
        }

        #content {
            margin-left: auto;
            margin-right: auto
        }

        #message h1 {
            font-size: 24px;
            font-weight: normal;
            color: #000000;
            margin: 34px 0px 0px 0px
        }

        #message h2 {
            font-size: 20px;
            font-weight: normal;
            color: #000000;
            margin: 34px 0px 0px 0px
        }

        #message p {
            font-size: 16px;
            color: #000000;
            margin: 8px 0px 0px 0px
        }

        #message hr {
            margin: 15px 0px
        }

        #errorref {
            font-size: 11px;
            color: #737373;
            margin-top: 41px
        }
    </style>
    <title>Service unavailable</title>
</head>

<body>
    <div id='content'>
        <div id='message'>
            <h2>The request is blocked.</h2>
        </div>
        <div id='errorref'>
            <span>20260201T193331Z-r17d45d946ftrqr7hC1TEB2zhn00000005e0000000000hze            </span>
        </div>
    </div>
</body>
</html>

[14:33:31] [Yggdrasil Key Fetcher/ERROR]: Failed to request yggdrasil public key
com.mojang.authlib.exceptions.MinecraftClientHttpException: Status: 429
	at knot//com.mojang.authlib.minecraft.client.MinecraftClient.readInputStream(MinecraftClient.java:100)
	at knot//com.mojang.authlib.minecraft.client.MinecraftClient.get(MinecraftClient.java:56)
	at knot//com.mojang.authlib.yggdrasil.YggdrasilServicesKeyInfo.fetch(YggdrasilServicesKeyInfo.java:114)
	at knot//com.mojang.authlib.yggdrasil.YggdrasilServicesKeyInfo$1.run(YggdrasilServicesKeyInfo.java:89)
	at java.base/java.util.concurrent.Executors$RunnableAdapter.call(Executors.java:572)
	at java.base/java.util.concurrent.FutureTask.run(FutureTask.java:317)
	at java.base/java.util.concurrent.ScheduledThreadPoolExecutor$ScheduledFutureTask.run(ScheduledThreadPoolExecutor.java:304)
	at java.base/java.util.concurrent.ThreadPoolExecutor.runWorker(ThreadPoolExecutor.java:1144)
	at java.base/java.util.concurrent.ThreadPoolExecutor$Worker.run(ThreadPoolExecutor.java:642)
	at java.base/java.lang.Thread.run(Thread.java:1583)
[14:33:33] [main/INFO]: No existing world data, creating new world
[14:33:35] [main/INFO]: Loaded 1470 recipes
[14:33:35] [main/INFO]: Loaded 1584 advancements
[14:33:35] [main/INFO]: Applied 0 biome modifications to 0 of 65 new biomes in 2.131 ms
[14:33:35] [Server thread/INFO]: Starting minecraft server version 1.21.11
[14:33:35] [Server thread/INFO]: Loading properties
[14:33:35] [Server thread/INFO]: Default game type: SURVIVAL
[14:33:35] [Server thread/INFO]: Generating keypair
[14:33:36] [Server thread/INFO]: Starting Minecraft server on *:25565
[14:33:36] [Server thread/INFO]: Preparing level "world"
[14:33:37] [Server thread/INFO]: Selecting global world spawn...
[14:33:42] [Server thread/INFO]: Loading 0 persistent chunks...
[14:33:42] [Server thread/INFO]: Preparing spawn area: 100%
[14:33:42] [Server thread/INFO]: Time elapsed: 5257 ms
[14:33:42] [Server thread/INFO]: Done (6.067s)! For help, type "help"
[14:33:42] [Server thread/INFO]: Microcosm Streamer WebSocket server listening on port 25566
[14:33:42] [WebSocketSelector-122/INFO]: Microcosm Streamer WebSocket server started on port 25566
[14:34:23] [WebSocketWorker-100/INFO]: Streamer client connected (total: 1)
[14:34:34] [Server thread/INFO]: Streamed 202 chunk sections to new client (origin 0 64 0)
[14:34:34] [Server thread/WARN]: Can't keep up! Is the server overloaded? Running 10343ms or 206 ticks behind
[14:34:53] [Server thread/INFO]: Server empty for 60 seconds, pausing
[14:36:08] [WebSocketWorker-101/INFO]: Streamer client connected (total: 2)
[14:36:09] [Server thread/INFO]: Streamed 202 chunk sections to new client (origin 0 64 0)
[15:02:02] [Server thread/WARN]: Can't keep up! Is the server overloaded? Running 640136ms or 12802 ticks behind
[15:02:23] [connectionLostChecker-1/INFO]: Streamer client disconnected (remaining: 1)
[15:02:23] [connectionLostChecker-1/INFO]: Streamer client disconnected (remaining: 0)
[15:26:21] [WebSocketWorker-102/INFO]: Streamer client connected (total: 1)
[15:26:21] [WebSocketSelector-122/INFO]: Streamer client disconnected (remaining: 0)
[15:26:22] [Server thread/INFO]: Streamed 202 chunk sections to new client (origin 0 64 0)
[15:27:48] [WebSocketWorker-103/INFO]: Streamer client connected (total: 1)
[15:27:48] [Server thread/INFO]: Streamed 202 chunk sections to new client (origin 0 64 0)
[16:18:08] [WebSocketWorker-104/INFO]: Streamer client connected (total: 2)
[16:18:11] [Server thread/INFO]: Streamed 202 chunk sections to new client (origin 0 64 0)
[16:18:11] [Server thread/WARN]: Can't keep up! Is the server overloaded? Running 2927ms or 58 ticks behind
[16:20:34] [WebSocketSelector-122/INFO]: Streamer client disconnected (remaining: 1)
[16:20:50] [WebSocketWorker-105/INFO]: Streamer client connected (total: 2)
[16:20:51] [Server thread/INFO]: Streamed 202 chunk sections to new client (origin 0 64 0)
[16:22:41] [WebSocketSelector-122/INFO]: Streamer client disconnected (remaining: 1)
[16:22:41] [WebSocketWorker-106/INFO]: Streamer client connected (total: 2)
[16:22:42] [Server thread/INFO]: Streamed 202 chunk sections to new client (origin 0 64 0)
[16:22:45] [WebSocketSelector-122/INFO]: Streamer client disconnected (remaining: 1)
[16:22:46] [WebSocketWorker-107/INFO]: Streamer client connected (total: 2)
[16:22:47] [Server thread/INFO]: Streamed 202 chunk sections to new client (origin 0 64 0)
[16:22:51] [WebSocketSelector-122/INFO]: Streamer client disconnected (remaining: 1)
[16:22:52] [WebSocketWorker-108/INFO]: Streamer client connected (total: 2)
[16:22:53] [Server thread/INFO]: Streamed 202 chunk sections to new client (origin 0 64 0)
[16:22:55] [WebSocketSelector-122/INFO]: Streamer client disconnected (remaining: 1)
[16:23:29] [WebSocketWorker-109/INFO]: Streamer client connected (total: 2)
[16:23:30] [Server thread/INFO]: Streamed 202 chunk sections to new client (origin 0 64 0)
[16:23:31] [WebSocketSelector-122/INFO]: Streamer client disconnected (remaining: 1)
[16:29:29] [WebSocketWorker-110/INFO]: Streamer client connected (total: 2)
[16:29:29] [Server thread/INFO]: Streamed 202 chunk sections to new client (origin 0 64 0)
[16:29:30] [WebSocketSelector-122/INFO]: Streamer client disconnected (remaining: 1)
[16:41:36] [WebSocketWorker-111/INFO]: Streamer client connected (total: 2)
[16:41:37] [Server thread/INFO]: Streamed 202 chunk sections to new client (origin 0 64 0)
[16:41:37] [WebSocketSelector-122/INFO]: Streamer client disconnected (remaining: 1)
[16:42:58] [WebSocketWorker-112/INFO]: Streamer client connected (total: 2)
[16:42:59] [Server thread/INFO]: Streamed 202 chunk sections to new client (origin 0 64 0)
[16:54:21] [WebSocketSelector-122/INFO]: Streamer client disconnected (remaining: 1)
[16:54:23] [WebSocketWorker-113/INFO]: Streamer client connected (total: 2)
[16:54:24] [Server thread/INFO]: Streamed 202 chunk sections to new client (origin 0 64 0)
[17:07:45] [WebSocketSelector-122/INFO]: Streamer client disconnected (remaining: 1)
[17:17:28] [Server thread/WARN]: Can't keep up! Is the server overloaded? Running 233986ms or 4679 ticks behind
[17:17:36] [connectionLostChecker-1/INFO]: Streamer client disconnected (remaining: 0)
[17:18:17] [WebSocketWorker-114/INFO]: Streamer client connected (total: 1)
[17:18:18] [Server thread/INFO]: Streamed 202 chunk sections to new client (origin 0 64 0)
[17:19:15] [WebSocketSelector-122/INFO]: Streamer client disconnected (remaining: 0)
[17:19:15] [WebSocketWorker-115/INFO]: Streamer client connected (total: 1)
[17:19:16] [Server thread/INFO]: Streamed 202 chunk sections to new client (origin 0 64 0)
[17:19:18] [WebSocketSelector-122/INFO]: Streamer client disconnected (remaining: 0)
[17:19:19] [WebSocketWorker-116/INFO]: Streamer client connected (total: 1)
[17:19:20] [Server thread/INFO]: Streamed 202 chunk sections to new client (origin 0 64 0)
[17:28:26] [WebSocketSelector-122/INFO]: Streamer client disconnected (remaining: 0)
[17:29:11] [WebSocketWorker-118/INFO]: Streamer client connected (total: 1)
[17:29:11] [Server thread/INFO]: Streamed 202 chunk sections to new client (origin 0 64 0)
[17:41:34] [WebSocketSelector-122/INFO]: Streamer client disconnected (remaining: 0)
[17:42:57] [WebSocketWorker-119/INFO]: Streamer client connected (total: 1)
[17:42:58] [WebSocketSelector-122/INFO]: Streamer client disconnected (remaining: 0)
[17:42:58] [Server thread/INFO]: Streamed 202 chunk sections to new client (origin 0 64 0)
[17:48:21] [WebSocketWorker-120/INFO]: Streamer client connected (total: 1)
[17:48:21] [WebSocketSelector-122/INFO]: Streamer client disconnected (remaining: 0)
[17:48:21] [Server thread/ERROR]: Error executing task on Server
org.java_websocket.exceptions.WebsocketNotConnectedException
	at knot//org.java_websocket.WebSocketImpl.send(WebSocketImpl.java:674)
	at knot//org.java_websocket.WebSocketImpl.send(WebSocketImpl.java:664)
	at knot//org.java_websocket.WebSocketImpl.send(WebSocketImpl.java:669)
	at knot//io.github.microcosmxr.streamer.StreamerWebSocketHandler.sendChunkSectionSnapshot(StreamerWebSocketHandler.java:62)
	at knot//io.github.microcosmxr.streamer.StreamRegionTask.streamRegionToClient(StreamRegionTask.java:48)
	at knot//io.github.microcosmxr.streamer.StreamerServer.lambda$onOpen$0(StreamerServer.java:75)
	at knot//net.minecraft.class_3738.run(class_3738.java:18)
	at knot//net.minecraft.class_1255.method_18859(class_1255.java:169)
	at knot//net.minecraft.class_4093.method_18859(class_4093.java:23)
	at knot//net.minecraft.server.MinecraftServer.method_24306(MinecraftServer.java:948)
	at knot//net.minecraft.server.MinecraftServer.method_18859(MinecraftServer.java:191)
	at knot//net.minecraft.class_1255.method_16075(class_1255.java:143)
	at knot//net.minecraft.server.MinecraftServer.method_20415(MinecraftServer.java:930)
	at knot//net.minecraft.server.MinecraftServer.method_16075(MinecraftServer.java:924)
	at knot//net.minecraft.class_1255.method_5383(class_1255.java:124)
	at knot//net.minecraft.server.MinecraftServer.method_16208(MinecraftServer.java:892)
	at knot//net.minecraft.server.MinecraftServer.method_29741(MinecraftServer.java:777)
	at knot//net.minecraft.server.MinecraftServer.method_29739(MinecraftServer.java:301)
	at java.base/java.lang.Thread.run(Thread.java:1583)
[17:51:36] [WebSocketWorker-121/INFO]: Streamer client connected (total: 1)
[17:51:36] [Server thread/INFO]: Streamed 202 chunk sections to new client (origin 0 64 0)
[17:56:05] [WebSocketSelector-122/INFO]: Streamer client disconnected (remaining: 0)
[17:56:05] [WebSocketWorker-100/INFO]: Streamer client connected (total: 1)
[17:56:06] [Server thread/INFO]: Streamed 202 chunk sections to new client (origin 0 64 0)
[17:56:27] [WebSocketSelector-122/INFO]: Streamer client disconnected (remaining: 0)
[17:59:29] [WebSocketWorker-101/INFO]: Streamer client connected (total: 1)
[17:59:30] [Server thread/INFO]: Streamed 202 chunk sections to new client (origin 0 64 0)
[18:04:12] [WebSocketSelector-122/INFO]: Streamer client disconnected (remaining: 0)
[18:08:20] [WebSocketWorker-102/INFO]: Streamer client connected (total: 1)
[18:08:21] [Server thread/INFO]: Streamed 202 chunk sections to new client (origin 0 64 0)
[18:08:30] [WebSocketSelector-122/INFO]: Streamer client disconnected (remaining: 0)
[18:08:33] [WebSocketWorker-103/INFO]: Streamer client connected (total: 1)
[18:08:34] [Server thread/INFO]: Streamed 202 chunk sections to new client (origin 0 64 0)
[18:09:23] [WebSocketSelector-122/INFO]: Streamer client disconnected (remaining: 0)
[18:15:56] [WebSocketWorker-104/INFO]: Streamer client connected (total: 1)
[18:15:57] [WebSocketSelector-122/INFO]: Streamer client disconnected (remaining: 0)
[18:15:57] [Server thread/INFO]: Streamed 202 chunk sections to new client (origin 0 64 0)
[18:21:57] [WebSocketWorker-105/INFO]: Streamer client connected (total: 1)
[18:21:58] [WebSocketSelector-122/INFO]: Streamer client disconnected (remaining: 0)
[18:21:58] [Server thread/INFO]: Streamed 202 chunk sections to new client (origin 0 64 0)
[18:26:50] [WebSocketWorker-106/INFO]: Streamer client connected (total: 1)
[18:26:50] [WebSocketSelector-122/INFO]: Streamer client disconnected (remaining: 0)
[18:26:50] [Server thread/INFO]: Streamed 202 chunk sections to new client (origin 0 64 0)
[18:28:54] [WebSocketWorker-107/INFO]: Streamer client connected (total: 1)
[18:28:55] [Server thread/INFO]: Streamed 202 chunk sections to new client (origin 0 64 0)
[18:38:06] [WebSocketSelector-122/INFO]: Streamer client disconnected (remaining: 0)
[18:38:11] [WebSocketWorker-108/INFO]: Streamer client connected (total: 1)
[18:38:12] [Server thread/INFO]: Streamed 202 chunk sections to new client (origin 0 64 0)
[18:43:56] [WebSocketSelector-122/INFO]: Streamer client disconnected (remaining: 0)
[18:51:26] [WebSocketWorker-109/INFO]: Streamer client connected (total: 1)
[18:51:27] [Server thread/INFO]: Streamed 202 chunk sections to new client (origin 0 64 0)
[18:57:14] [WebSocketSelector-122/INFO]: Streamer client disconnected (remaining: 0)
[18:57:46] [WebSocketWorker-110/INFO]: Streamer client connected (total: 1)
[18:57:47] [Server thread/INFO]: Streamed 202 chunk sections to new client (origin 0 64 0)
[19:02:20] [WebSocketSelector-122/INFO]: Streamer client disconnected (remaining: 0)
[19:02:21] [WebSocketWorker-111/INFO]: Streamer client connected (total: 1)
[19:02:21] [Server thread/INFO]: Streamed 202 chunk sections to new client (origin 0 64 0)
[19:02:32] [WebSocketSelector-122/INFO]: Streamer client disconnected (remaining: 0)
[19:02:56] [WebSocketWorker-112/INFO]: Streamer client connected (total: 1)
[19:02:56] [Server thread/INFO]: Streamed 202 chunk sections to new client (origin 0 64 0)
[19:04:06] [WebSocketSelector-122/INFO]: Streamer client disconnected (remaining: 0)
[19:04:28] [WebSocketWorker-113/INFO]: Streamer client connected (total: 1)
[19:04:28] [Server thread/INFO]: Streamed 202 chunk sections to new client (origin 0 64 0)
[19:04:33] [WebSocketSelector-122/INFO]: Streamer client disconnected (remaining: 0)
[19:04:40] [WebSocketWorker-114/INFO]: Streamer client connected (total: 1)
[19:04:40] [Server thread/INFO]: Streamed 202 chunk sections to new client (origin 0 64 0)
[19:04:56] [WebSocketWorker-115/INFO]: Streamer client connected (total: 2)
[19:04:57] [Server thread/INFO]: Streamed 202 chunk sections to new client (origin 0 64 0)
[19:10:40] [WebSocketSelector-122/INFO]: Streamer client disconnected (remaining: 1)
[19:10:40] [WebSocketSelector-122/INFO]: Streamer client disconnected (remaining: 0)
